<?xml version="1.0" encoding="UTF-8"?>
<testng-results skipped="0" failed="0" ignored="0" total="7" passed="7">
  <reporter-output>
  </reporter-output>
  <suite name="Default suite" duration-ms="31944" started-at="2021-03-04T21:52:26 IST" finished-at="2021-03-04T21:52:58 IST">
    <groups>
    </groups>
    <test name="Default test" duration-ms="31944" started-at="2021-03-04T21:52:26 IST" finished-at="2021-03-04T21:52:58 IST">
      <class name="webElements.LaunchBrowser">
        <test-method status="PASS" signature="launchBrowser()[pri:0, instance:webElements.LaunchBrowser@7791a895]" name="launchBrowser" duration-ms="9907" started-at="2021-03-04T21:52:26 IST" finished-at="2021-03-04T21:52:36 IST">
          <reporter-output>
          </reporter-output>
        </test-method> <!-- launchBrowser -->
        <test-method status="PASS" signature="validate_motorCycle_event_VechileData()[pri:0, instance:webElements.LaunchBrowser@7791a895]" name="validate_motorCycle_event_VechileData" duration-ms="1305" started-at="2021-03-04T21:52:36 IST" depends-on-methods="webElements.LaunchBrowser.launchBrowser" finished-at="2021-03-04T21:52:37 IST">
          <reporter-output>
          </reporter-output>
        </test-method> <!-- validate_motorCycle_event_VechileData -->
        <test-method status="PASS" signature="validate_Make_DropDown()[pri:0, instance:webElements.LaunchBrowser@7791a895]" name="validate_Make_DropDown" duration-ms="4902" started-at="2021-03-04T21:52:37 IST" depends-on-methods="webElements.LaunchBrowser.validate_motorCycle_event_VechileData" finished-at="2021-03-04T21:52:42 IST">
          <reporter-output>
          </reporter-output>
        </test-method> <!-- validate_Make_DropDown -->
        <test-method status="PASS" signature="validate_EnginePerformance()[pri:0, instance:webElements.LaunchBrowser@7791a895]" name="validate_EnginePerformance" duration-ms="206" started-at="2021-03-04T21:52:42 IST" depends-on-methods="webElements.LaunchBrowser.validate_Make_DropDown" finished-at="2021-03-04T21:52:42 IST">
          <reporter-output>
          </reporter-output>
        </test-method> <!-- validate_EnginePerformance -->
        <test-method status="PASS" signature="validate_DateOFManufacture()[pri:0, instance:webElements.LaunchBrowser@7791a895]" name="validate_DateOFManufacture" duration-ms="320" started-at="2021-03-04T21:52:42 IST" depends-on-methods="webElements.LaunchBrowser.validate_EnginePerformance" finished-at="2021-03-04T21:52:43 IST">
          <reporter-output>
          </reporter-output>
        </test-method> <!-- validate_DateOFManufacture -->
        <test-method status="PASS" signature="validate_NumberOfSeats()[pri:0, instance:webElements.LaunchBrowser@7791a895]" name="validate_NumberOfSeats" duration-ms="1496" started-at="2021-03-04T21:52:43 IST" depends-on-methods="webElements.LaunchBrowser.validate_DateOFManufacture" finished-at="2021-03-04T21:52:44 IST">
          <reporter-output>
          </reporter-output>
        </test-method> <!-- validate_NumberOfSeats -->
        <test-method status="PASS" signature="radioButtonAndCheckbox()[pri:0, instance:webElements.LaunchBrowser@7791a895]" name="radioButtonAndCheckbox" duration-ms="13716" started-at="2021-03-04T21:52:44 IST" depends-on-methods="webElements.LaunchBrowser.validate_NumberOfSeats" finished-at="2021-03-04T21:52:58 IST">
          <reporter-output>
          </reporter-output>
        </test-method> <!-- radioButtonAndCheckbox -->
      </class> <!-- webElements.LaunchBrowser -->
    </test> <!-- Default test -->
  </suite> <!-- Default suite -->
</testng-results>
