<?xml version="1.0" encoding="UTF-8"?>
<!-- Generated by org.testng.reporters.JUnitXMLReporter -->
<testsuite hostname="DESKTOP-447TPO6" ignored="0" name="Default test" tests="7" failures="0" timestamp="2021-03-04T21:52:58 IST" time="31.944" errors="0">
  <testcase name="launchBrowser" time="9.907" classname="webElements.LaunchBrowser"/>
  <testcase name="validate_motorCycle_event_VechileData" time="1.305" classname="webElements.LaunchBrowser"/>
  <testcase name="validate_Make_DropDown" time="4.902" classname="webElements.LaunchBrowser"/>
  <testcase name="validate_EnginePerformance" time="0.206" classname="webElements.LaunchBrowser"/>
  <testcase name="validate_DateOFManufacture" time="0.32" classname="webElements.LaunchBrowser"/>
  <testcase name="validate_NumberOfSeats" time="1.496" classname="webElements.LaunchBrowser"/>
  <testcase name="radioButtonAndCheckbox" time="13.716" classname="webElements.LaunchBrowser"/>
</testsuite> <!-- Default test -->
