<?xml version="1.0" encoding="UTF-8"?>
<!-- Generated by org.testng.reporters.JUnitXMLReporter -->
<testsuite hostname="DESKTOP-447TPO6" ignored="4" name="Achievements Tests" tests="9" failures="0" timestamp="2021-02-24T22:20:48 IST" time="11.058" errors="0">
  <testcase name="test1" time="0.189" classname="achievements.FunctionalTesting"/>
  <testcase name="test2" time="0.243" classname="achievements.FunctionalTesting"/>
  <testcase name="test3" time="0.193" classname="achievements.FunctionalTesting"/>
  <testcase name="test1" time="0.531" classname="achievements.DBErrors"/>
  <testcase name="test2" time="0.909" classname="achievements.DBErrors"/>
  <testcase name="test3" time="0.659" classname="achievements.DBErrors"/>
  <testcase name="test4" time="0.263" classname="achievements.DBErrors"/>
  <testcase name="test5" time="0.215" classname="achievements.DBErrors"/>
  <testcase name="test6" time="0.225" classname="achievements.DBErrors"/>
  <testcase name="@BeforeSuite oneTimeSetup" time="0.0" classname="baseClass.Driver">
    <ignored/>
  </testcase> <!-- @BeforeSuite oneTimeSetup -->
  <testcase name="@BeforeTest achievementsPreCondition" time="0.0" classname="achievements.TC_AchievementPrecondition">
    <ignored/>
  </testcase> <!-- @BeforeTest achievementsPreCondition -->
  <testcase name="@AfterSuite oneTimeTearDown" time="0.0" classname="baseClass.Driver">
    <ignored/>
  </testcase> <!-- @AfterSuite oneTimeTearDown -->
  <testcase name="@AfterTest achievementsPostCondition" time="0.0" classname="achievements.TC_AchievementPrecondition">
    <ignored/>
  </testcase> <!-- @AfterTest achievementsPostCondition -->
</testsuite> <!-- Achievements Tests -->
