<?xml version="1.0" encoding="UTF-8"?>
<!-- Generated by org.testng.reporters.JUnitXMLReporter -->
<testsuite hostname="DESKTOP-447TPO6" ignored="4" name="FreeGames Tests" tests="6" failures="0" timestamp="2021-02-24T22:22:15 IST" time="86.967" errors="0">
  <testcase name="test1" time="0.344" classname="freeGames.BonusOffers"/>
  <testcase name="test2" time="0.548" classname="freeGames.BonusOffers"/>
  <testcase name="test3" time="0.383" classname="freeGames.BonusOffers"/>
  <testcase name="test1" time="2.244" classname="freeGames.CashOffers"/>
  <testcase name="test2" time="0.808" classname="freeGames.CashOffers"/>
  <testcase name="test3" time="0.751" classname="freeGames.CashOffers"/>
  <testcase name="@BeforeSuite oneTimeSetup" time="0.0" classname="baseClass.Driver">
    <ignored/>
  </testcase> <!-- @BeforeSuite oneTimeSetup -->
  <testcase name="@BeforeTest freeGamesPreCondition" time="0.0" classname="freeGames.TC_FreeGamesPrecondition">
    <ignored/>
  </testcase> <!-- @BeforeTest freeGamesPreCondition -->
  <testcase name="@AfterSuite oneTimeTearDown" time="0.0" classname="baseClass.Driver">
    <ignored/>
  </testcase> <!-- @AfterSuite oneTimeTearDown -->
  <testcase name="@AfterTest freeGamesPostCondition" time="0.0" classname="freeGames.TC_FreeGamesPrecondition">
    <ignored/>
  </testcase> <!-- @AfterTest freeGamesPostCondition -->
</testsuite> <!-- FreeGames Tests -->
