<?xml version="1.0" encoding="UTF-8"?>
<!-- Generated by org.testng.reporters.JUnitXMLReporter -->
<testsuite hostname="DESKTOP-447TPO6" ignored="4" name="Timers and Sweepers Tests" tests="6" failures="0" timestamp="2021-02-24T22:24:04 IST" time="109.235" errors="0">
  <testcase name="test1" time="99.576" classname="timersAndSweepers.UserInitiated"/>
  <testcase name="test2" time="0.196" classname="timersAndSweepers.UserInitiated"/>
  <testcase name="test3" time="0.198" classname="timersAndSweepers.UserInitiated"/>
  <testcase name="test1" time="0.537" classname="timersAndSweepers.SweeperInitiated"/>
  <testcase name="test2" time="0.418" classname="timersAndSweepers.SweeperInitiated"/>
  <testcase name="test3" time="0.233" classname="timersAndSweepers.SweeperInitiated"/>
  <testcase name="@BeforeSuite oneTimeSetup" time="0.0" classname="baseClass.Driver">
    <ignored/>
  </testcase> <!-- @BeforeSuite oneTimeSetup -->
  <testcase name="@AfterTest timersAndSweepersPostCondition" time="0.0" classname="timersAndSweepers.TC_TimersAndSweepers_Precondition">
    <ignored/>
  </testcase> <!-- @AfterTest timersAndSweepersPostCondition -->
  <testcase name="@BeforeTest timersAndSweepersPreCondition" time="0.0" classname="timersAndSweepers.TC_TimersAndSweepers_Precondition">
    <ignored/>
  </testcase> <!-- @BeforeTest timersAndSweepersPreCondition -->
  <testcase name="@AfterSuite oneTimeTearDown" time="0.0" classname="baseClass.Driver">
    <ignored/>
  </testcase> <!-- @AfterSuite oneTimeTearDown -->
</testsuite> <!-- Timers and Sweepers Tests -->
