<?xml version="1.0" encoding="UTF-8"?>
<!-- Generated by org.testng.reporters.JUnitXMLReporter -->
<testsuite hostname="DESKTOP-447TPO6" ignored="1" name="Default test" tests="2" failures="0" timestamp="2021-02-23T22:30:50 IST" time="0.069" errors="0">
  <testcase name="test1" time="0.008" classname="testing.AnnotationsClass3"/>
  <testcase name="test2" time="0.002" classname="testing.AnnotationsClass3"/>
  <testcase name="test3" time="0.0" classname="testing.AnnotationsClass3">
    <ignored/>
  </testcase> <!-- test3 -->
</testsuite> <!-- Default test -->
